unityLibrary/build/intermediates/manifest_merge_blame_file/release/manifest-merger-blame-release-report.txt
1<?xml version="1.0" encoding="utf-8"?>
2<manifest xmlns:android="http://schemas.android.com/apk/res/android"
3    xmlns:tools="http://schemas.android.com/tools"
4    package="com.unity3d.player" >
5
6    <uses-sdk
7        android:minSdkVersion="22"
7-->src\main\AndroidManifest.xml
8        android:targetSdkVersion="30" />
8-->src\main\AndroidManifest.xml
9
10    <uses-feature android:glEsVersion="0x00030000" />
10-->src\main\AndroidManifest.xml:18:3-52
10-->src\main\AndroidManifest.xml:18:17-49
11    <uses-feature
11-->src\main\AndroidManifest.xml:19:3-91
12        android:name="android.hardware.vulkan.version"
12-->src\main\AndroidManifest.xml:19:17-63
13        android:required="false" />
13-->src\main\AndroidManifest.xml:19:64-88
14
15    <uses-permission android:name="android.permission.INTERNET" />
15-->src\main\AndroidManifest.xml:20:3-65
15-->src\main\AndroidManifest.xml:20:20-62
16    <uses-permission android:name="android.permission.ACCESS_NETWORK_STATE" />
16-->src\main\AndroidManifest.xml:21:3-77
16-->src\main\AndroidManifest.xml:21:20-74
17
18    <uses-feature
18-->src\main\AndroidManifest.xml:22:3-88
19        android:name="android.hardware.touchscreen"
19-->src\main\AndroidManifest.xml:22:17-60
20        android:required="false" />
20-->src\main\AndroidManifest.xml:22:61-85
21    <uses-feature
21-->src\main\AndroidManifest.xml:23:3-99
22        android:name="android.hardware.touchscreen.multitouch"
22-->src\main\AndroidManifest.xml:23:17-71
23        android:required="false" />
23-->src\main\AndroidManifest.xml:23:72-96
24    <uses-feature
24-->src\main\AndroidManifest.xml:24:3-108
25        android:name="android.hardware.touchscreen.multitouch.distinct"
25-->src\main\AndroidManifest.xml:24:17-80
26        android:required="false" />
26-->src\main\AndroidManifest.xml:24:81-105
27
28    <application android:extractNativeLibs="true" >
28-->src\main\AndroidManifest.xml:3:3-17:17
28-->src\main\AndroidManifest.xml:3:16-48
29        <activity
29-->src\main\AndroidManifest.xml:4:5-11:16
30            android:name="com.unity3d.player.UnityPlayerActivity"
30-->src\main\AndroidManifest.xml:4:15-68
31            android:configChanges="mcc|mnc|locale|touchscreen|keyboard|keyboardHidden|navigation|orientation|screenLayout|uiMode|screenSize|smallestScreenSize|fontScale|layoutDirection|density"
31-->src\main\AndroidManifest.xml:4:185-366
32            android:exported="true"
32-->src\main\AndroidManifest.xml:4:438-461
33            android:hardwareAccelerated="false"
33-->src\main\AndroidManifest.xml:4:402-437
34            android:launchMode="singleTask"
34-->src\main\AndroidManifest.xml:4:153-184
35            android:resizeableActivity="false"
35-->src\main\AndroidManifest.xml:4:367-401
36            android:screenOrientation="userLandscape"
36-->src\main\AndroidManifest.xml:4:111-152
37            android:theme="@style/UnityThemeSelector" >
37-->src\main\AndroidManifest.xml:4:69-110
38            <intent-filter>
38-->src\main\AndroidManifest.xml:5:7-8:23
39                <action android:name="android.intent.action.MAIN" />
39-->src\main\AndroidManifest.xml:6:9-61
39-->src\main\AndroidManifest.xml:6:17-58
40
41                <category android:name="android.intent.category.LAUNCHER" />
41-->src\main\AndroidManifest.xml:7:9-69
41-->src\main\AndroidManifest.xml:7:19-66
42            </intent-filter>
43
44            <meta-data
44-->src\main\AndroidManifest.xml:9:7-82
45                android:name="unityplayer.UnityActivity"
45-->src\main\AndroidManifest.xml:9:18-58
46                android:value="true" />
46-->src\main\AndroidManifest.xml:9:59-79
47            <meta-data
47-->src\main\AndroidManifest.xml:10:7-78
48                android:name="android.notch_support"
48-->src\main\AndroidManifest.xml:10:18-54
49                android:value="true" />
49-->src\main\AndroidManifest.xml:10:55-75
50        </activity>
51
52        <meta-data
52-->src\main\AndroidManifest.xml:12:5-69
53            android:name="unity.splash-mode"
53-->src\main\AndroidManifest.xml:12:16-48
54            android:value="0" />
54-->src\main\AndroidManifest.xml:12:49-66
55        <meta-data
55-->src\main\AndroidManifest.xml:13:5-74
56            android:name="unity.splash-enable"
56-->src\main\AndroidManifest.xml:13:16-50
57            android:value="True" />
57-->src\main\AndroidManifest.xml:13:51-71
58        <meta-data
58-->src\main\AndroidManifest.xml:14:5-78
59            android:name="unity.launch-fullscreen"
59-->src\main\AndroidManifest.xml:14:16-54
60            android:value="True" />
60-->src\main\AndroidManifest.xml:14:55-75
61        <meta-data
61-->src\main\AndroidManifest.xml:15:5-84
62            android:name="unity.allow-resizable-window"
62-->src\main\AndroidManifest.xml:15:16-59
63            android:value="False" />
63-->src\main\AndroidManifest.xml:15:60-81
64        <meta-data
64-->src\main\AndroidManifest.xml:16:5-81
65            android:name="notch.config"
65-->src\main\AndroidManifest.xml:16:16-43
66            android:value="portrait|landscape" />
66-->src\main\AndroidManifest.xml:16:44-78
67    </application>
68
69</manifest>